c:\users\аделина\source\repos\23\x64\debug\assimp-vc143-mtd.dll
c:\users\аделина\source\repos\23\x64\debug\irrlicht.dll
c:\users\аделина\source\repos\23\x64\debug\libpng16d.dll
c:\users\аделина\source\repos\23\x64\debug\zlibd1.dll
c:\users\аделина\source\repos\23\x64\debug\jpeg62.dll
c:\users\аделина\source\repos\23\x64\debug\bz2d.dll
c:\users\аделина\source\repos\23\x64\debug\freeglutd.dll
c:\users\аделина\source\repos\23\x64\debug\glew32d.dll
c:\users\аделина\source\repos\23\x64\debug\graphicsmagick.dll
c:\users\аделина\source\repos\23\x64\debug\tiffd.dll
c:\users\аделина\source\repos\23\x64\debug\liblzma.dll
c:\users\аделина\source\repos\23\x64\debug\freetyped.dll
c:\users\аделина\source\repos\23\x64\debug\brotlidec.dll
c:\users\аделина\source\repos\23\x64\debug\brotlicommon.dll
c:\users\аделина\source\repos\23\x64\debug\webpmux.dll
c:\users\аделина\source\repos\23\x64\debug\webp.dll
c:\users\аделина\source\repos\23\x64\debug\webpdecoder.dll
c:\users\аделина\source\repos\23\23\x64\debug\vc143.pdb
c:\users\аделина\source\repos\23\23\x64\debug\vc143.idb
c:\users\аделина\source\repos\23\23\x64\debug\texture.obj
c:\users\аделина\source\repos\23\23\x64\debug\technique.obj
c:\users\аделина\source\repos\23\23\x64\debug\shadow_map_technique.obj
c:\users\аделина\source\repos\23\23\x64\debug\shadow_map_fbo.obj
c:\users\аделина\source\repos\23\23\x64\debug\pipeline.obj
c:\users\аделина\source\repos\23\23\x64\debug\mesh.obj
c:\users\аделина\source\repos\23\23\x64\debug\math_3d.obj
c:\users\аделина\source\repos\23\23\x64\debug\lighting_technique.obj
c:\users\аделина\source\repos\23\23\x64\debug\glut_backend.obj
c:\users\аделина\source\repos\23\23\x64\debug\camera.obj
c:\users\аделина\source\repos\23\23\x64\debug\main.obj
c:\users\аделина\source\repos\23\x64\debug\23.exe
c:\users\аделина\source\repos\23\23\x64\debug\23.ilk
c:\users\аделина\source\repos\23\x64\debug\23.pdb
c:\users\аделина\source\repos\23\23\x64\debug\23.tlog\23.write.1u.tlog
c:\users\аделина\source\repos\23\23\x64\debug\23.tlog\cl.command.1.tlog
c:\users\аделина\source\repos\23\23\x64\debug\23.tlog\cl.read.1.tlog
c:\users\аделина\source\repos\23\23\x64\debug\23.tlog\cl.write.1.tlog
c:\users\аделина\source\repos\23\23\x64\debug\23.tlog\link.command.1.tlog
c:\users\аделина\source\repos\23\23\x64\debug\23.tlog\link.read.1.tlog
c:\users\аделина\source\repos\23\23\x64\debug\23.tlog\link.write.1.tlog
