  main.cpp
C:\src\vcpkg\installed\x64-windows\include\Magick++\Drawable.h(478,18): warning C4251: Magick::DrawableBezier::_coordinates: class "std::list<Magick::Coordinate,std::allocator<Magick::Coordinate>>" должен иметь dll-интерфейс для использования клиентами class "Magick::DrawableBezier"
C:\src\vcpkg\installed\x64-windows\include\Magick++\Drawable.h(97): message : см. объявление "std::list<Magick::Coordinate,std::allocator<Magick::Coordinate>>"
C:\src\vcpkg\installed\x64-windows\include\Magick++\Drawable.h(520,15): warning C4251: Magick::DrawablePushClipPath::_id: class "std::basic_string<char,std::char_traits<char>,std::allocator<char>>" должен иметь dll-интерфейс для использования клиентами class "Magick::DrawablePushClipPath"
C:\Program Files\Microsoft Visual Studio\2022\Community\VC\Tools\MSVC\14.31.31103\include\xstring(4927): message : см. объявление "std::basic_string<char,std::char_traits<char>,std::allocator<char>>"
C:\src\vcpkg\installed\x64-windows\include\Magick++\Drawable.h(548,17): warning C4251: Magick::DrawableClipPath::_id: class "std::basic_string<char,std::char_traits<char>,std::allocator<char>>" должен иметь dll-интерфейс для использования клиентами class "Magick::DrawableClipPath"
C:\Program Files\Microsoft Visual Studio\2022\Community\VC\Tools\MSVC\14.31.31103\include\xstring(4927): message : см. объявление "std::basic_string<char,std::char_traits<char>,std::allocator<char>>"
C:\src\vcpkg\installed\x64-windows\include\Magick++\Drawable.h(981,17): warning C4251: Magick::DrawableFont::_font: class "std::basic_string<char,std::char_traits<char>,std::allocator<char>>" должен иметь dll-интерфейс для использования клиентами class "Magick::DrawableFont"
C:\Program Files\Microsoft Visual Studio\2022\Community\VC\Tools\MSVC\14.31.31103\include\xstring(4927): message : см. объявление "std::basic_string<char,std::char_traits<char>,std::allocator<char>>"
C:\src\vcpkg\installed\x64-windows\include\Magick++\Drawable.h(982,17): warning C4251: Magick::DrawableFont::_family: class "std::basic_string<char,std::char_traits<char>,std::allocator<char>>" должен иметь dll-интерфейс для использования клиентами class "Magick::DrawableFont"
C:\Program Files\Microsoft Visual Studio\2022\Community\VC\Tools\MSVC\14.31.31103\include\xstring(4927): message : см. объявление "std::basic_string<char,std::char_traits<char>,std::allocator<char>>"
C:\src\vcpkg\installed\x64-windows\include\Magick++\Drawable.h(1150,13): warning C4251: Magick::DrawablePath::_path: class "std::list<Magick::VPath,std::allocator<Magick::VPath>>" должен иметь dll-интерфейс для использования клиентами class "Magick::DrawablePath"
C:\src\vcpkg\installed\x64-windows\include\Magick++\Drawable.h(279): message : см. объявление "std::list<Magick::VPath,std::allocator<Magick::VPath>>"
C:\src\vcpkg\installed\x64-windows\include\Magick++\Drawable.h(1239,18): warning C4251: Magick::DrawablePolygon::_coordinates: class "std::list<Magick::Coordinate,std::allocator<Magick::Coordinate>>" должен иметь dll-интерфейс для использования клиентами class "Magick::DrawablePolygon"
C:\src\vcpkg\installed\x64-windows\include\Magick++\Drawable.h(97): message : см. объявление "std::list<Magick::Coordinate,std::allocator<Magick::Coordinate>>"
C:\src\vcpkg\installed\x64-windows\include\Magick++\Drawable.h(1259,18): warning C4251: Magick::DrawablePolyline::_coordinates: class "std::list<Magick::Coordinate,std::allocator<Magick::Coordinate>>" должен иметь dll-интерфейс для использования клиентами class "Magick::DrawablePolyline"
C:\src\vcpkg\installed\x64-windows\include\Magick++\Drawable.h(97): message : см. объявление "std::list<Magick::Coordinate,std::allocator<Magick::Coordinate>>"
C:\src\vcpkg\installed\x64-windows\include\Magick++\Drawable.h(1343,23): warning C4251: Magick::DrawablePushPattern::_id: class "std::basic_string<char,std::char_traits<char>,std::allocator<char>>" должен иметь dll-интерфейс для использования клиентами class "Magick::DrawablePushPattern"
C:\Program Files\Microsoft Visual Studio\2022\Community\VC\Tools\MSVC\14.31.31103\include\xstring(4927): message : см. объявление "std::basic_string<char,std::char_traits<char>,std::allocator<char>>"
C:\src\vcpkg\installed\x64-windows\include\Magick++\Drawable.h(1949,15): warning C4251: Magick::DrawableText::_text: class "std::basic_string<char,std::char_traits<char>,std::allocator<char>>" должен иметь dll-интерфейс для использования клиентами class "Magick::DrawableText"
C:\Program Files\Microsoft Visual Studio\2022\Community\VC\Tools\MSVC\14.31.31103\include\xstring(4927): message : см. объявление "std::basic_string<char,std::char_traits<char>,std::allocator<char>>"
C:\src\vcpkg\installed\x64-windows\include\Magick++\Drawable.h(1950,15): warning C4251: Magick::DrawableText::_encoding: class "std::basic_string<char,std::char_traits<char>,std::allocator<char>>" должен иметь dll-интерфейс для использования клиентами class "Magick::DrawableText"
C:\Program Files\Microsoft Visual Studio\2022\Community\VC\Tools\MSVC\14.31.31103\include\xstring(4927): message : см. объявление "std::basic_string<char,std::char_traits<char>,std::allocator<char>>"
C:\src\vcpkg\installed\x64-windows\include\Magick++\Drawable.h(2283,19): warning C4251: Magick::PathArcAbs::_coordinates: class "std::list<Magick::PathArcArgs,std::allocator<Magick::PathArcArgs>>" должен иметь dll-интерфейс для использования клиентами class "Magick::PathArcAbs"
C:\src\vcpkg\installed\x64-windows\include\Magick++\Drawable.h(2248): message : см. объявление "std::list<Magick::PathArcArgs,std::allocator<Magick::PathArcArgs>>"
C:\src\vcpkg\installed\x64-windows\include\Magick++\Drawable.h(2305,19): warning C4251: Magick::PathArcRel::_coordinates: class "std::list<Magick::PathArcArgs,std::allocator<Magick::PathArcArgs>>" должен иметь dll-интерфейс для использования клиентами class "Magick::PathArcRel"
C:\src\vcpkg\installed\x64-windows\include\Magick++\Drawable.h(2248): message : см. объявление "std::list<Magick::PathArcArgs,std::allocator<Magick::PathArcArgs>>"
C:\src\vcpkg\installed\x64-windows\include\Magick++\Drawable.h(2456,23): warning C4251: Magick::PathCurvetoAbs::_args: class "std::list<Magick::PathCurvetoArgs,std::allocator<Magick::PathCurvetoArgs>>" должен иметь dll-интерфейс для использования клиентами class "Magick::PathCurvetoAbs"
C:\src\vcpkg\installed\x64-windows\include\Magick++\Drawable.h(2422): message : см. объявление "std::list<Magick::PathCurvetoArgs,std::allocator<Magick::PathCurvetoArgs>>"
C:\src\vcpkg\installed\x64-windows\include\Magick++\Drawable.h(2479,23): warning C4251: Magick::PathCurvetoRel::_args: class "std::list<Magick::PathCurvetoArgs,std::allocator<Magick::PathCurvetoArgs>>" должен иметь dll-интерфейс для использования клиентами class "Magick::PathCurvetoRel"
C:\src\vcpkg\installed\x64-windows\include\Magick++\Drawable.h(2422): message : см. объявление "std::list<Magick::PathCurvetoArgs,std::allocator<Magick::PathCurvetoArgs>>"
C:\src\vcpkg\installed\x64-windows\include\Magick++\Drawable.h(2503,18): warning C4251: Magick::PathSmoothCurvetoAbs::_coordinates: class "std::list<Magick::Coordinate,std::allocator<Magick::Coordinate>>" должен иметь dll-интерфейс для использования клиентами class "Magick::PathSmoothCurvetoAbs"
C:\src\vcpkg\installed\x64-windows\include\Magick++\Drawable.h(97): message : см. объявление "std::list<Magick::Coordinate,std::allocator<Magick::Coordinate>>"
C:\src\vcpkg\installed\x64-windows\include\Magick++\Drawable.h(2528,18): warning C4251: Magick::PathSmoothCurvetoRel::_coordinates: class "std::list<Magick::Coordinate,std::allocator<Magick::Coordinate>>" должен иметь dll-интерфейс для использования клиентами class "Magick::PathSmoothCurvetoRel"
C:\src\vcpkg\installed\x64-windows\include\Magick++\Drawable.h(97): message : см. объявление "std::list<Magick::Coordinate,std::allocator<Magick::Coordinate>>"
C:\src\vcpkg\installed\x64-windows\include\Magick++\Drawable.h(2640,32): warning C4251: Magick::PathQuadraticCurvetoAbs::_args: class "std::list<Magick::PathQuadraticCurvetoArgs,std::allocator<Magick::PathQuadraticCurvetoArgs>>" должен иметь dll-интерфейс для использования клиентами class "Magick::PathQuadraticCurvetoAbs"
C:\src\vcpkg\installed\x64-windows\include\Magick++\Drawable.h(2606): message : см. объявление "std::list<Magick::PathQuadraticCurvetoArgs,std::allocator<Magick::PathQuadraticCurvetoArgs>>"
C:\src\vcpkg\installed\x64-windows\include\Magick++\Drawable.h(2664,32): warning C4251: Magick::PathQuadraticCurvetoRel::_args: class "std::list<Magick::PathQuadraticCurvetoArgs,std::allocator<Magick::PathQuadraticCurvetoArgs>>" должен иметь dll-интерфейс для использования клиентами class "Magick::PathQuadraticCurvetoRel"
C:\src\vcpkg\installed\x64-windows\include\Magick++\Drawable.h(2606): message : см. объявление "std::list<Magick::PathQuadraticCurvetoArgs,std::allocator<Magick::PathQuadraticCurvetoArgs>>"
C:\src\vcpkg\installed\x64-windows\include\Magick++\Drawable.h(2688,18): warning C4251: Magick::PathSmoothQuadraticCurvetoAbs::_coordinates: class "std::list<Magick::Coordinate,std::allocator<Magick::Coordinate>>" должен иметь dll-интерфейс для использования клиентами class "Magick::PathSmoothQuadraticCurvetoAbs"
C:\src\vcpkg\installed\x64-windows\include\Magick++\Drawable.h(97): message : см. объявление "std::list<Magick::Coordinate,std::allocator<Magick::Coordinate>>"
C:\src\vcpkg\installed\x64-windows\include\Magick++\Drawable.h(2712,18): warning C4251: Magick::PathSmoothQuadraticCurvetoRel::_coordinates: class "std::list<Magick::Coordinate,std::allocator<Magick::Coordinate>>" должен иметь dll-интерфейс для использования клиентами class "Magick::PathSmoothQuadraticCurvetoRel"
C:\src\vcpkg\installed\x64-windows\include\Magick++\Drawable.h(97): message : см. объявление "std::list<Magick::Coordinate,std::allocator<Magick::Coordinate>>"
C:\src\vcpkg\installed\x64-windows\include\Magick++\Drawable.h(2740,18): warning C4251: Magick::PathLinetoAbs::_coordinates: class "std::list<Magick::Coordinate,std::allocator<Magick::Coordinate>>" должен иметь dll-интерфейс для использования клиентами class "Magick::PathLinetoAbs"
C:\src\vcpkg\installed\x64-windows\include\Magick++\Drawable.h(97): message : см. объявление "std::list<Magick::Coordinate,std::allocator<Magick::Coordinate>>"
C:\src\vcpkg\installed\x64-windows\include\Magick++\Drawable.h(2764,18): warning C4251: Magick::PathLinetoRel::_coordinates: class "std::list<Magick::Coordinate,std::allocator<Magick::Coordinate>>" должен иметь dll-интерфейс для использования клиентами class "Magick::PathLinetoRel"
C:\src\vcpkg\installed\x64-windows\include\Magick++\Drawable.h(97): message : см. объявление "std::list<Magick::Coordinate,std::allocator<Magick::Coordinate>>"
C:\src\vcpkg\installed\x64-windows\include\Magick++\Drawable.h(2906,18): warning C4251: Magick::PathMovetoAbs::_coordinates: class "std::list<Magick::Coordinate,std::allocator<Magick::Coordinate>>" должен иметь dll-интерфейс для использования клиентами class "Magick::PathMovetoAbs"
C:\src\vcpkg\installed\x64-windows\include\Magick++\Drawable.h(97): message : см. объявление "std::list<Magick::Coordinate,std::allocator<Magick::Coordinate>>"
C:\src\vcpkg\installed\x64-windows\include\Magick++\Drawable.h(2930,18): warning C4251: Magick::PathMovetoRel::_coordinates: class "std::list<Magick::Coordinate,std::allocator<Magick::Coordinate>>" должен иметь dll-интерфейс для использования клиентами class "Magick::PathMovetoRel"
C:\src\vcpkg\installed\x64-windows\include\Magick++\Drawable.h(97): message : см. объявление "std::list<Magick::Coordinate,std::allocator<Magick::Coordinate>>"
C:\src\vcpkg\installed\x64-windows\include\Magick++\Exception.h(22,3): warning C4275: class "std::exception", не являющийся dll-интерфейсом, использован в качестве базового для dll-интерфейса class "Magick::Exception"
C:\Program Files\Microsoft Visual Studio\2022\Community\VC\Tools\MSVC\14.31.31103\include\vcruntime_exception.h(48): message : см. объявление "std::exception"
C:\src\vcpkg\installed\x64-windows\include\Magick++\Exception.h(21): message : см. объявление "Magick::Exception"
C:\src\vcpkg\installed\x64-windows\include\Magick++\Exception.h(31,17): warning C4251: Magick::Exception::_what: class "std::basic_string<char,std::char_traits<char>,std::allocator<char>>" должен иметь dll-интерфейс для использования клиентами class "Magick::Exception"
C:\Program Files\Microsoft Visual Studio\2022\Community\VC\Tools\MSVC\14.31.31103\include\xstring(4927): message : см. объявление "std::basic_string<char,std::char_traits<char>,std::allocator<char>>"
C:\src\vcpkg\installed\x64-windows\include\Magick++\CoderInfo.h(65,25): warning C4251: Magick::CoderInfo::_name: class "std::basic_string<char,std::char_traits<char>,std::allocator<char>>" должен иметь dll-интерфейс для использования клиентами class "Magick::CoderInfo"
C:\Program Files\Microsoft Visual Studio\2022\Community\VC\Tools\MSVC\14.31.31103\include\xstring(4927): message : см. объявление "std::basic_string<char,std::char_traits<char>,std::allocator<char>>"
C:\src\vcpkg\installed\x64-windows\include\Magick++\CoderInfo.h(66,25): warning C4251: Magick::CoderInfo::_description: class "std::basic_string<char,std::char_traits<char>,std::allocator<char>>" должен иметь dll-интерфейс для использования клиентами class "Magick::CoderInfo"
C:\Program Files\Microsoft Visual Studio\2022\Community\VC\Tools\MSVC\14.31.31103\include\xstring(4927): message : см. объявление "std::basic_string<char,std::char_traits<char>,std::allocator<char>>"
C:\src\vcpkg\installed\x64-windows\include\Magick++\Montage.h(127,23): warning C4251: Magick::Montage::_fileName: class "std::basic_string<char,std::char_traits<char>,std::allocator<char>>" должен иметь dll-интерфейс для использования клиентами class "Magick::Montage"
C:\Program Files\Microsoft Visual Studio\2022\Community\VC\Tools\MSVC\14.31.31103\include\xstring(4927): message : см. объявление "std::basic_string<char,std::char_traits<char>,std::allocator<char>>"
C:\src\vcpkg\installed\x64-windows\include\Magick++\Montage.h(129,23): warning C4251: Magick::Montage::_font: class "std::basic_string<char,std::char_traits<char>,std::allocator<char>>" должен иметь dll-интерфейс для использования клиентами class "Magick::Montage"
C:\Program Files\Microsoft Visual Studio\2022\Community\VC\Tools\MSVC\14.31.31103\include\xstring(4927): message : см. объявление "std::basic_string<char,std::char_traits<char>,std::allocator<char>>"
C:\src\vcpkg\installed\x64-windows\include\Magick++\Montage.h(132,23): warning C4251: Magick::Montage::_label: class "std::basic_string<char,std::char_traits<char>,std::allocator<char>>" должен иметь dll-интерфейс для использования клиентами class "Magick::Montage"
C:\Program Files\Microsoft Visual Studio\2022\Community\VC\Tools\MSVC\14.31.31103\include\xstring(4927): message : см. объявление "std::basic_string<char,std::char_traits<char>,std::allocator<char>>"
C:\src\vcpkg\installed\x64-windows\include\Magick++\Montage.h(136,23): warning C4251: Magick::Montage::_texture: class "std::basic_string<char,std::char_traits<char>,std::allocator<char>>" должен иметь dll-интерфейс для использования клиентами class "Magick::Montage"
C:\Program Files\Microsoft Visual Studio\2022\Community\VC\Tools\MSVC\14.31.31103\include\xstring(4927): message : см. объявление "std::basic_string<char,std::char_traits<char>,std::allocator<char>>"
C:\src\vcpkg\installed\x64-windows\include\Magick++\Montage.h(138,23): warning C4251: Magick::Montage::_title: class "std::basic_string<char,std::char_traits<char>,std::allocator<char>>" должен иметь dll-интерфейс для использования клиентами class "Magick::Montage"
C:\Program Files\Microsoft Visual Studio\2022\Community\VC\Tools\MSVC\14.31.31103\include\xstring(4927): message : см. объявление "std::basic_string<char,std::char_traits<char>,std::allocator<char>>"
C:\src\vcpkg\installed\x64-windows\include\Magick++\STL.h(137,25): warning C4251: Magick::annotateImage::_text: class "std::basic_string<char,std::char_traits<char>,std::allocator<char>>" должен иметь dll-интерфейс для использования клиентами class "Magick::annotateImage"
C:\Program Files\Microsoft Visual Studio\2022\Community\VC\Tools\MSVC\14.31.31103\include\xstring(4927): message : см. объявление "std::basic_string<char,std::char_traits<char>,std::allocator<char>>"
C:\src\vcpkg\installed\x64-windows\include\Magick++\STL.h(239,19): warning C4251: Magick::cdlImage::_cdl: class "std::basic_string<char,std::char_traits<char>,std::allocator<char>>" должен иметь dll-интерфейс для использования клиентами class "Magick::cdlImage"
C:\Program Files\Microsoft Visual Studio\2022\Community\VC\Tools\MSVC\14.31.31103\include\xstring(4927): message : см. объявление "std::basic_string<char,std::char_traits<char>,std::allocator<char>>"
C:\src\vcpkg\installed\x64-windows\include\Magick++\STL.h(278,17): warning C4251: Magick::commentImage::_comment: class "std::basic_string<char,std::char_traits<char>,std::allocator<char>>" должен иметь dll-интерфейс для использования клиентами class "Magick::commentImage"
C:\Program Files\Microsoft Visual Studio\2022\Community\VC\Tools\MSVC\14.31.31103\include\xstring(4927): message : см. объявление "std::basic_string<char,std::char_traits<char>,std::allocator<char>>"
C:\src\vcpkg\installed\x64-windows\include\Magick++\STL.h(365,18): warning C4251: Magick::drawImage::_drawableList: class "std::list<Magick::Drawable,std::allocator<Magick::Drawable>>" должен иметь dll-интерфейс для использования клиентами class "Magick::drawImage"
C:\src\vcpkg\installed\x64-windows\include\Magick++\Drawable.h(199): message : см. объявление "std::list<Magick::Drawable,std::allocator<Magick::Drawable>>"
C:\src\vcpkg\installed\x64-windows\include\Magick++\STL.h(656,17): warning C4251: Magick::labelImage::_label: class "std::basic_string<char,std::char_traits<char>,std::allocator<char>>" должен иметь dll-интерфейс для использования клиентами class "Magick::labelImage"
C:\Program Files\Microsoft Visual Studio\2022\Community\VC\Tools\MSVC\14.31.31103\include\xstring(4927): message : см. объявление "std::basic_string<char,std::char_traits<char>,std::allocator<char>>"
C:\src\vcpkg\installed\x64-windows\include\Magick++\STL.h(1278,17): warning C4251: Magick::backgroundTextureImage::_backgroundTexture: class "std::basic_string<char,std::char_traits<char>,std::allocator<char>>" должен иметь dll-интерфейс для использования клиентами class "Magick::backgroundTextureImage"
C:\Program Files\Microsoft Visual Studio\2022\Community\VC\Tools\MSVC\14.31.31103\include\xstring(4927): message : см. объявление "std::basic_string<char,std::char_traits<char>,std::allocator<char>>"
C:\src\vcpkg\installed\x64-windows\include\Magick++\STL.h(1453,17): warning C4251: Magick::fileNameImage::_fileName: class "std::basic_string<char,std::char_traits<char>,std::allocator<char>>" должен иметь dll-интерфейс для использования клиентами class "Magick::fileNameImage"
C:\Program Files\Microsoft Visual Studio\2022\Community\VC\Tools\MSVC\14.31.31103\include\xstring(4927): message : см. объявление "std::basic_string<char,std::char_traits<char>,std::allocator<char>>"
C:\src\vcpkg\installed\x64-windows\include\Magick++\STL.h(1477,17): warning C4251: Magick::fontImage::_font: class "std::basic_string<char,std::char_traits<char>,std::allocator<char>>" должен иметь dll-интерфейс для использования клиентами class "Magick::fontImage"
C:\Program Files\Microsoft Visual Studio\2022\Community\VC\Tools\MSVC\14.31.31103\include\xstring(4927): message : см. объявление "std::basic_string<char,std::char_traits<char>,std::allocator<char>>"
C:\src\vcpkg\installed\x64-windows\include\Magick++\STL.h(1537,17): warning C4251: Magick::magickImage::_magick: class "std::basic_string<char,std::char_traits<char>,std::allocator<char>>" должен иметь dll-интерфейс для использования клиентами class "Magick::magickImage"
C:\Program Files\Microsoft Visual Studio\2022\Community\VC\Tools\MSVC\14.31.31103\include\xstring(4927): message : см. объявление "std::basic_string<char,std::char_traits<char>,std::allocator<char>>"
C:\src\vcpkg\installed\x64-windows\include\Magick++\STL.h(1769,17): warning C4251: Magick::tileNameImage::_tileName: class "std::basic_string<char,std::char_traits<char>,std::allocator<char>>" должен иметь dll-интерфейс для использования клиентами class "Magick::tileNameImage"
C:\Program Files\Microsoft Visual Studio\2022\Community\VC\Tools\MSVC\14.31.31103\include\xstring(4927): message : см. объявление "std::basic_string<char,std::char_traits<char>,std::allocator<char>>"
C:\src\vcpkg\installed\x64-windows\include\Magick++\STL.h(1806,17): warning C4251: Magick::viewImage::_view: class "std::basic_string<char,std::char_traits<char>,std::allocator<char>>" должен иметь dll-интерфейс для использования клиентами class "Magick::viewImage"
C:\Program Files\Microsoft Visual Studio\2022\Community\VC\Tools\MSVC\14.31.31103\include\xstring(4927): message : см. объявление "std::basic_string<char,std::char_traits<char>,std::allocator<char>>"
C:\src\vcpkg\installed\x64-windows\include\Magick++\STL.h(1819,17): warning C4251: Magick::x11DisplayImage::_display: class "std::basic_string<char,std::char_traits<char>,std::allocator<char>>" должен иметь dll-интерфейс для использования клиентами class "Magick::x11DisplayImage"
C:\Program Files\Microsoft Visual Studio\2022\Community\VC\Tools\MSVC\14.31.31103\include\xstring(4927): message : см. объявление "std::basic_string<char,std::char_traits<char>,std::allocator<char>>"
  26.vcxproj -> C:\Users\Аделина\source\repos\26\x64\Debug\26.exe
